{"uuid":"75e86ad1-c715-4106-95f1-aa99e083d579","historyId":"57b6499b8a5b7dae9d317674125d6bb2","testCaseId":"7d0e55fab91d2bd1fb927b1320bfc030","fullName":"src/test/resources/features/Checkout.feature:13","labels":[{"name":"host","value":"DESKTOP-M7E6JNO"},{"name":"thread","value":"13768@DESKTOP-M7E6JNO.main(1)"},{"name":"feature","value":"Checkout an item on an e-commerce website."},{"name":"story","value":"Checkout with multiple items"},{"name":"suite","value":"Checkout an item on an e-commerce website."},{"name":"testClass","value":"Checkout with multiple items"},{"name":"framework","value":"cucumber4jvm"},{"name":"language","value":"java"},{"name":"gherkin_uri","value":"file:///C:/Users/Cegedim%20Intership/Documents/Testing-Shopping-Web-App/src/test/resources/features/Checkout.feature"},{"name":"package","value":"src.test.resources.features.Checkout_feature.Checkout an item on an e-commerce website."}],"links":[],"name":"Checkout with multiple items","status":"failed","statusDetails":{"known":false,"muted":false,"flaky":false,"message":"expected [$110.40] but found [$43.40]","trace":"java.lang.AssertionError: expected [$110.40] but found [$43.40]\r\n\tat org.testng.Assert.fail(Assert.java:111)\r\n\tat org.testng.Assert.failNotEquals(Assert.java:1578)\r\n\tat org.testng.Assert.assertEqualsImpl(Assert.java:150)\r\n\tat org.testng.Assert.assertEquals(Assert.java:132)\r\n\tat org.testng.Assert.assertEquals(Assert.java:656)\r\n\tat org.testng.Assert.assertEquals(Assert.java:666)\r\n\tat stepDefinitions.StepDefinitions.theTotalPriceShouldBeDisplayedForBothItems(StepDefinitions.java:128)\r\n\tat ✽.the total price should be displayed for both items(file:///C:/Users/Cegedim%20Intership/Documents/Testing-Shopping-Web-App/src/test/resources/features/Checkout.feature:17)\r\n"},"stage":"finished","steps":[{"name":"Given the user is registered","status":"passed","statusDetails":{"known":false,"muted":false,"flaky":false},"stage":"finished","steps":[],"attachments":[],"parameters":[],"start":1725798950450,"stop":1725798955848},{"name":"Given the user has added a men's pants to the cart","status":"passed","statusDetails":{"known":false,"muted":false,"flaky":false},"stage":"finished","steps":[],"attachments":[],"parameters":[],"start":1725798955848,"stop":1725798959629},{"name":"And the user has added a t-shirt to the cart","status":"passed","statusDetails":{"known":false,"muted":false,"flaky":false},"stage":"finished","steps":[],"attachments":[],"parameters":[],"start":1725798959630,"stop":1725798959631},{"name":"When the user proceeds to checkout","status":"passed","statusDetails":{"known":false,"muted":false,"flaky":false},"stage":"finished","steps":[],"attachments":[],"parameters":[],"start":1725798959631,"stop":1725798969328},{"name":"Then the total price should be displayed for both items","status":"failed","statusDetails":{"known":false,"muted":false,"flaky":false,"message":"expected [$110.40] but found [$43.40]","trace":"java.lang.AssertionError: expected [$110.40] but found [$43.40]\r\n\tat org.testng.Assert.fail(Assert.java:111)\r\n\tat org.testng.Assert.failNotEquals(Assert.java:1578)\r\n\tat org.testng.Assert.assertEqualsImpl(Assert.java:150)\r\n\tat org.testng.Assert.assertEquals(Assert.java:132)\r\n\tat org.testng.Assert.assertEquals(Assert.java:656)\r\n\tat org.testng.Assert.assertEquals(Assert.java:666)\r\n\tat stepDefinitions.StepDefinitions.theTotalPriceShouldBeDisplayedForBothItems(StepDefinitions.java:128)\r\n\tat ✽.the total price should be displayed for both items(file:///C:/Users/Cegedim%20Intership/Documents/Testing-Shopping-Web-App/src/test/resources/features/Checkout.feature:17)\r\n"},"stage":"finished","steps":[],"attachments":[],"parameters":[],"start":1725798969328,"stop":1725798971364},{"name":"And the user should receive a confirmation","status":"skipped","statusDetails":{"known":false,"muted":false,"flaky":false},"stage":"finished","steps":[],"attachments":[],"parameters":[],"start":1725798971367,"stop":1725798971367}],"attachments":[],"parameters":[],"start":1725798946224,"stop":1725798971662}