{"uuid":"924a4790-08ec-4ec1-9667-061831e87924","historyId":"bc27304cae992ad78f71a524aadf75e4","testCaseId":"b61554eda004ed34835207729aab2b23","fullName":"src/test/resources/features/Checkout.feature:6","labels":[{"name":"host","value":"DESKTOP-M7E6JNO"},{"name":"thread","value":"2172@DESKTOP-M7E6JNO.main(1)"},{"name":"feature","value":"Checkout an item on an e-commerce website."},{"name":"story","value":"Checkout a men's jacket successfully"},{"name":"suite","value":"Checkout an item on an e-commerce website."},{"name":"testClass","value":"Checkout a men's jacket successfully"},{"name":"framework","value":"cucumber4jvm"},{"name":"language","value":"java"},{"name":"gherkin_uri","value":"file:///C:/Users/Cegedim%20Intership/Documents/Testing-Shopping-Web-App/src/test/resources/features/Checkout.feature"},{"name":"package","value":"src.test.resources.features.Checkout_feature.Checkout an item on an e-commerce website."}],"links":[],"name":"Checkout a men's jacket successfully","status":"broken","statusDetails":{"known":false,"muted":false,"flaky":false,"message":"Expected condition failed: waiting for visibility of element located by By.xpath: //*[@id='opc-sidebar']//tr[3]/td (tried for 10 second(s) with 500 milliseconds interval)\nBuild info: version: '4.23.0', revision: '4df0a231af'\nSystem info: os.name: 'Windows 10', os.arch: 'amd64', os.version: '10.0', java.version: '21.0.4'\nDriver info: org.openqa.selenium.chrome.ChromeDriver\nCapabilities {acceptInsecureCerts: false, browserName: chrome, browserVersion: 128.0.6613.84, chrome: {chromedriverVersion: 128.0.6613.119 (6e439cfca4d..., userDataDir: C:\\Users\\CEGEDI~1\\AppData\\L...}, fedcm:accounts: true, goog:chromeOptions: {debuggerAddress: localhost:52596}, networkConnectionEnabled: false, pageLoadStrategy: normal, platformName: windows, proxy: Proxy(), se:cdp: ws://localhost:52596/devtoo..., se:cdpVersion: 128.0.6613.84, setWindowRect: true, strictFileInteractability: false, timeouts: {implicit: 0, pageLoad: 300000, script: 30000}, unhandledPromptBehavior: dismiss and notify, webauthn:extension:credBlob: true, webauthn:extension:largeBlob: true, webauthn:extension:minPinLength: true, webauthn:extension:prf: true, webauthn:virtualAuthenticators: true}\nSession ID: 005047023303d0811b163650170c818d","trace":"org.openqa.selenium.TimeoutException: Expected condition failed: waiting for visibility of element located by By.xpath: //*[@id='opc-sidebar']//tr[3]/td (tried for 10 second(s) with 500 milliseconds interval)\nBuild info: version: '4.23.0', revision: '4df0a231af'\nSystem info: os.name: 'Windows 10', os.arch: 'amd64', os.version: '10.0', java.version: '21.0.4'\nDriver info: org.openqa.selenium.chrome.ChromeDriver\nCapabilities {acceptInsecureCerts: false, browserName: chrome, browserVersion: 128.0.6613.84, chrome: {chromedriverVersion: 128.0.6613.119 (6e439cfca4d..., userDataDir: C:\\Users\\CEGEDI~1\\AppData\\L...}, fedcm:accounts: true, goog:chromeOptions: {debuggerAddress: localhost:52596}, networkConnectionEnabled: false, pageLoadStrategy: normal, platformName: windows, proxy: Proxy(), se:cdp: ws://localhost:52596/devtoo..., se:cdpVersion: 128.0.6613.84, setWindowRect: true, strictFileInteractability: false, timeouts: {implicit: 0, pageLoad: 300000, script: 30000}, unhandledPromptBehavior: dismiss and notify, webauthn:extension:credBlob: true, webauthn:extension:largeBlob: true, webauthn:extension:minPinLength: true, webauthn:extension:prf: true, webauthn:virtualAuthenticators: true}\nSession ID: 005047023303d0811b163650170c818d\r\n\tat org.openqa.selenium.support.ui.WebDriverWait.timeoutException(WebDriverWait.java:84)\r\n\tat org.openqa.selenium.support.ui.FluentWait.until(FluentWait.java:228)\r\n\tat pages.CheckoutPage.getTotalPrice(CheckoutPage.java:72)\r\n\tat stepDefinitions.StepDefinitions.the_purchase_is_completed_and_total_price_should_appear(StepDefinitions.java:84)\r\n\tat ✽.the total price should be displayed(file:///C:/Users/Cegedim%20Intership/Documents/Testing-Shopping-Web-App/src/test/resources/features/Checkout.feature:9)\r\n"},"stage":"finished","steps":[{"name":"Given the user is registered","status":"passed","statusDetails":{"known":false,"muted":false,"flaky":false},"stage":"finished","steps":[],"attachments":[],"parameters":[],"start":1725794076357,"stop":1725794078539},{"name":"Given the user has added a men's jacket to the cart","status":"passed","statusDetails":{"known":false,"muted":false,"flaky":false},"stage":"finished","steps":[],"attachments":[],"parameters":[],"start":1725794078539,"stop":1725794082426},{"name":"When the user proceeds to checkout","status":"passed","statusDetails":{"known":false,"muted":false,"flaky":false},"stage":"finished","steps":[],"attachments":[],"parameters":[],"start":1725794082427,"stop":1725794093947},{"name":"Then the total price should be displayed","status":"broken","statusDetails":{"known":false,"muted":false,"flaky":false,"message":"Expected condition failed: waiting for visibility of element located by By.xpath: //*[@id='opc-sidebar']//tr[3]/td (tried for 10 second(s) with 500 milliseconds interval)\nBuild info: version: '4.23.0', revision: '4df0a231af'\nSystem info: os.name: 'Windows 10', os.arch: 'amd64', os.version: '10.0', java.version: '21.0.4'\nDriver info: org.openqa.selenium.chrome.ChromeDriver\nCapabilities {acceptInsecureCerts: false, browserName: chrome, browserVersion: 128.0.6613.84, chrome: {chromedriverVersion: 128.0.6613.119 (6e439cfca4d..., userDataDir: C:\\Users\\CEGEDI~1\\AppData\\L...}, fedcm:accounts: true, goog:chromeOptions: {debuggerAddress: localhost:52596}, networkConnectionEnabled: false, pageLoadStrategy: normal, platformName: windows, proxy: Proxy(), se:cdp: ws://localhost:52596/devtoo..., se:cdpVersion: 128.0.6613.84, setWindowRect: true, strictFileInteractability: false, timeouts: {implicit: 0, pageLoad: 300000, script: 30000}, unhandledPromptBehavior: dismiss and notify, webauthn:extension:credBlob: true, webauthn:extension:largeBlob: true, webauthn:extension:minPinLength: true, webauthn:extension:prf: true, webauthn:virtualAuthenticators: true}\nSession ID: 005047023303d0811b163650170c818d","trace":"org.openqa.selenium.TimeoutException: Expected condition failed: waiting for visibility of element located by By.xpath: //*[@id='opc-sidebar']//tr[3]/td (tried for 10 second(s) with 500 milliseconds interval)\nBuild info: version: '4.23.0', revision: '4df0a231af'\nSystem info: os.name: 'Windows 10', os.arch: 'amd64', os.version: '10.0', java.version: '21.0.4'\nDriver info: org.openqa.selenium.chrome.ChromeDriver\nCapabilities {acceptInsecureCerts: false, browserName: chrome, browserVersion: 128.0.6613.84, chrome: {chromedriverVersion: 128.0.6613.119 (6e439cfca4d..., userDataDir: C:\\Users\\CEGEDI~1\\AppData\\L...}, fedcm:accounts: true, goog:chromeOptions: {debuggerAddress: localhost:52596}, networkConnectionEnabled: false, pageLoadStrategy: normal, platformName: windows, proxy: Proxy(), se:cdp: ws://localhost:52596/devtoo..., se:cdpVersion: 128.0.6613.84, setWindowRect: true, strictFileInteractability: false, timeouts: {implicit: 0, pageLoad: 300000, script: 30000}, unhandledPromptBehavior: dismiss and notify, webauthn:extension:credBlob: true, webauthn:extension:largeBlob: true, webauthn:extension:minPinLength: true, webauthn:extension:prf: true, webauthn:virtualAuthenticators: true}\nSession ID: 005047023303d0811b163650170c818d\r\n\tat org.openqa.selenium.support.ui.WebDriverWait.timeoutException(WebDriverWait.java:84)\r\n\tat org.openqa.selenium.support.ui.FluentWait.until(FluentWait.java:228)\r\n\tat pages.CheckoutPage.getTotalPrice(CheckoutPage.java:72)\r\n\tat stepDefinitions.StepDefinitions.the_purchase_is_completed_and_total_price_should_appear(StepDefinitions.java:84)\r\n\tat ✽.the total price should be displayed(file:///C:/Users/Cegedim%20Intership/Documents/Testing-Shopping-Web-App/src/test/resources/features/Checkout.feature:9)\r\n"},"stage":"finished","steps":[],"attachments":[],"parameters":[],"start":1725794093948,"stop":1725794104015},{"name":"And the user should receive a confirmation","status":"skipped","statusDetails":{"known":false,"muted":false,"flaky":false},"stage":"finished","steps":[],"attachments":[],"parameters":[],"start":1725794104016,"stop":1725794104017}],"attachments":[],"parameters":[],"start":1725794071344,"stop":1725794104298}